Traceback (most recent call last):
  File "C:\Users\pmarshal\Anaconda3\lib\site-packages\jupyter_cache\executors\utils.py", line 58, in single_nb_execution
    executenb(
  File "C:\Users\pmarshal\Anaconda3\lib\site-packages\nbclient\client.py", line 1305, in execute
    return NotebookClient(nb=nb, resources=resources, km=km, **kwargs).execute()
  File "C:\Users\pmarshal\Anaconda3\lib\site-packages\jupyter_core\utils\__init__.py", line 165, in wrapped
    return loop.run_until_complete(inner)
  File "C:\Users\pmarshal\Anaconda3\lib\asyncio\base_events.py", line 647, in run_until_complete
    return future.result()
  File "C:\Users\pmarshal\Anaconda3\lib\site-packages\nbclient\client.py", line 705, in async_execute
    await self.async_execute_cell(
  File "C:\Users\pmarshal\Anaconda3\lib\site-packages\nbclient\client.py", line 1058, in async_execute_cell
    await self._check_raise_for_error(cell, cell_index, exec_reply)
  File "C:\Users\pmarshal\Anaconda3\lib\site-packages\nbclient\client.py", line 914, in _check_raise_for_error
    raise CellExecutionError.from_cell_and_msg(cell, exec_reply_content)
nbclient.exceptions.CellExecutionError: An error occurred while executing the following cell:
------------------
alt.data_transformers.disable_max_rows()

title = alt.TitleParams(
   text='Orchid Lake Weather Station - 1175 m',
   subtitle="Snow Depth (2006/07 - 2023/24)",
   anchor='middle',
   fontSize=14,
   fontWeight='bold')

area = alt.Chart(orchid_stats, title=title).mark_area(color='#7DA6F3', opacity=0.5).encode(
    alt.X('wtr_day_year', title='Date - Oct 1(0) to Sep 30(365)', scale=alt.Scale(domain=[0,320], nice=False), axis=alt.Axis(values=[1,32,62,93,124,152,183,213,244,274,305,336])),
    alt.Y('max:Q', title='Snow Depth (cm)', scale=alt.Scale(domain=[0,700])),
    alt.Y2('min:Q')
).properties(width=600, height=300)

area2 = alt.Chart(orchid_stats).mark_area(color='#919397', opacity=0.6).encode(
    alt.X('wtr_day_year', scale=alt.Scale(domain=[0,320], nice=False), axis=alt.Axis(values=[1,32,62,93,124,152,183,213,244,274,305,336])),
    alt.Y('percentile_75th:Q'),
    alt.Y2('percentile_25th:Q')
)

wmean = alt.Chart(orchid).mark_line(color= "black", opacity=0.6, strokeDash=[4, 2]).encode(
    alt.X('wtr_day_year', title='Date - Oct 1(0) to Sep 30(365)', scale=alt.Scale(domain=[0,320], nice=False), axis=alt.Axis(values=[1,32,62,93,124,152,183,213,244,274,305,336])),
    alt.Y('mean(depth)', title='Snow Depth (cm)'),
    tooltip=[alt.Tooltip('monthdate(date):T', title="Date"), alt.Tooltip('mean:Q', title="Mean Depth") , alt.Tooltip('wtr_day_year', title="Day of Water Year")]
)

wyear_2024 = alt.Chart(orchid[orchid['wtr_year'] == 2024]).mark_line(color= "violet", opacity=0.6).encode(
    alt.X('wtr_day_year', title='Date - Oct 1(0) to Sep 30(365)', scale=alt.Scale(domain=['2022-10-01','2023-08-15'], nice=False), axis=alt.Axis(values=[1,32,62,93,124,152,183,213,244,274,305,336])),
    alt.Y('depth', title='Snow Depth (cm)')
)

complete = area + area2  + wmean + wyear_2024 + orchid_2025.interactive()

------------------


[1;31m---------------------------------------------------------------------------[0m
[1;31mNameError[0m                                 Traceback (most recent call last)
Cell [1;32mIn[14], line 33[0m
[0;32m     22[0m wmean [38;5;241m=[39m alt[38;5;241m.[39mChart(orchid)[38;5;241m.[39mmark_line(color[38;5;241m=[39m [38;5;124m"[39m[38;5;124mblack[39m[38;5;124m"[39m, opacity[38;5;241m=[39m[38;5;241m0.6[39m, strokeDash[38;5;241m=[39m[[38;5;241m4[39m, [38;5;241m2[39m])[38;5;241m.[39mencode(
[0;32m     23[0m     alt[38;5;241m.[39mX([38;5;124m'[39m[38;5;124mwtr_day_year[39m[38;5;124m'[39m, title[38;5;241m=[39m[38;5;124m'[39m[38;5;124mDate - Oct 1(0) to Sep 30(365)[39m[38;5;124m'[39m, scale[38;5;241m=[39malt[38;5;241m.[39mScale(domain[38;5;241m=[39m[[38;5;241m0[39m,[38;5;241m320[39m], nice[38;5;241m=[39m[38;5;28;01mFalse[39;00m), axis[38;5;241m=[39malt[38;5;241m.[39mAxis(values[38;5;241m=[39m[[38;5;241m1[39m,[38;5;241m32[39m,[38;5;241m62[39m,[38;5;241m93[39m,[38;5;241m124[39m,[38;5;241m152[39m,[38;5;241m183[39m,[38;5;241m213[39m,[38;5;241m244[39m,[38;5;241m274[39m,[38;5;241m305[39m,[38;5;241m336[39m])),
[0;32m     24[0m     alt[38;5;241m.[39mY([38;5;124m'[39m[38;5;124mmean(depth)[39m[38;5;124m'[39m, title[38;5;241m=[39m[38;5;124m'[39m[38;5;124mSnow Depth (cm)[39m[38;5;124m'[39m),
[0;32m     25[0m     tooltip[38;5;241m=[39m[alt[38;5;241m.[39mTooltip([38;5;124m'[39m[38;5;124mmonthdate(date):T[39m[38;5;124m'[39m, title[38;5;241m=[39m[38;5;124m"[39m[38;5;124mDate[39m[38;5;124m"[39m), alt[38;5;241m.[39mTooltip([38;5;124m'[39m[38;5;124mmean:Q[39m[38;5;124m'[39m, title[38;5;241m=[39m[38;5;124m"[39m[38;5;124mMean Depth[39m[38;5;124m"[39m) , alt[38;5;241m.[39mTooltip([38;5;124m'[39m[38;5;124mwtr_day_year[39m[38;5;124m'[39m, title[38;5;241m=[39m[38;5;124m"[39m[38;5;124mDay of Water Year[39m[38;5;124m"[39m)]
[0;32m     26[0m )
[0;32m     28[0m wyear_2024 [38;5;241m=[39m alt[38;5;241m.[39mChart(orchid[orchid[[38;5;124m'[39m[38;5;124mwtr_year[39m[38;5;124m'[39m] [38;5;241m==[39m [38;5;241m2024[39m])[38;5;241m.[39mmark_line(color[38;5;241m=[39m [38;5;124m"[39m[38;5;124mviolet[39m[38;5;124m"[39m, opacity[38;5;241m=[39m[38;5;241m0.6[39m)[38;5;241m.[39mencode(
[0;32m     29[0m     alt[38;5;241m.[39mX([38;5;124m'[39m[38;5;124mwtr_day_year[39m[38;5;124m'[39m, title[38;5;241m=[39m[38;5;124m'[39m[38;5;124mDate - Oct 1(0) to Sep 30(365)[39m[38;5;124m'[39m, scale[38;5;241m=[39malt[38;5;241m.[39mScale(domain[38;5;241m=[39m[[38;5;124m'[39m[38;5;124m2022-10-01[39m[38;5;124m'[39m,[38;5;124m'[39m[38;5;124m2023-08-15[39m[38;5;124m'[39m], nice[38;5;241m=[39m[38;5;28;01mFalse[39;00m), axis[38;5;241m=[39malt[38;5;241m.[39mAxis(values[38;5;241m=[39m[[38;5;241m1[39m,[38;5;241m32[39m,[38;5;241m62[39m,[38;5;241m93[39m,[38;5;241m124[39m,[38;5;241m152[39m,[38;5;241m183[39m,[38;5;241m213[39m,[38;5;241m244[39m,[38;5;241m274[39m,[38;5;241m305[39m,[38;5;241m336[39m])),
[0;32m     30[0m     alt[38;5;241m.[39mY([38;5;124m'[39m[38;5;124mdepth[39m[38;5;124m'[39m, title[38;5;241m=[39m[38;5;124m'[39m[38;5;124mSnow Depth (cm)[39m[38;5;124m'[39m)
[0;32m     31[0m )
[1;32m---> 33[0m complete [38;5;241m=[39m area [38;5;241m+[39m area2  [38;5;241m+[39m wmean [38;5;241m+[39m wyear_2024 [38;5;241m+[39m [43morchid_2025[49m[38;5;241m.[39minteractive()

[1;31mNameError[0m: name 'orchid_2025' is not defined

