Traceback (most recent call last):
  File "C:\Users\pmarshal\Anaconda3\lib\site-packages\jupyter_cache\executors\utils.py", line 58, in single_nb_execution
    executenb(
  File "C:\Users\pmarshal\Anaconda3\lib\site-packages\nbclient\client.py", line 1305, in execute
    return NotebookClient(nb=nb, resources=resources, km=km, **kwargs).execute()
  File "C:\Users\pmarshal\Anaconda3\lib\site-packages\jupyter_core\utils\__init__.py", line 165, in wrapped
    return loop.run_until_complete(inner)
  File "C:\Users\pmarshal\Anaconda3\lib\asyncio\base_events.py", line 647, in run_until_complete
    return future.result()
  File "C:\Users\pmarshal\Anaconda3\lib\site-packages\nbclient\client.py", line 705, in async_execute
    await self.async_execute_cell(
  File "C:\Users\pmarshal\Anaconda3\lib\site-packages\nbclient\client.py", line 1058, in async_execute_cell
    await self._check_raise_for_error(cell, cell_index, exec_reply)
  File "C:\Users\pmarshal\Anaconda3\lib\site-packages\nbclient\client.py", line 914, in _check_raise_for_error
    raise CellExecutionError.from_cell_and_msg(cell, exec_reply_content)
nbclient.exceptions.CellExecutionError: An error occurred while executing the following cell:
------------------
alt.data_transformers.disable_max_rows()

vert_line = alt.Chart(pd.DataFrame({
  'wtr_day': [61],
  'color': ['black']
})).mark_rule(opacity=0.6, strokeDash=[3,3]).encode(
  x='wtr_day',
  color=alt.Color('color:N', scale=None)
)

# Add text annotation
text1 = alt.Chart().mark_text(
    text='Nov. 30',  # Replace with your desired text
    align='left',
    size=10,
    baseline='middle',
    color='black',
    dx=94  # adjust the position of the text
).encode(
    x=alt.value(10),  # Adjust the x-position of the text box
    y=alt.value(10)   # Adjust the y-position of the text box
)
# Create title
title5 = alt.TitleParams(
   text='Capilano River at Lakehead (08GA010)',
   subtitle="Cumulative inflow during the water year",
   anchor='middle',
   fontSize=14,
   fontWeight='bold')
# Create a selection for the year
year_selection = alt.selection_single(
    name='Select',
    fields=['year'],
    bind=alt.binding_select(options=list(vol['year'].unique()), name='Select Year '),
    init={'year': 2023}  # Initial selected year
)
#scale=alt.Scale(domain=[0,365], nice=False)
# Create a line chart using Altair
chart6 = alt.Chart(vol).mark_line().encode(
    alt.X('DOY'),
    alt.Y('volume:Q', title='Cumulative Inflow (billion litres)'),
    color=alt.condition(year_selection, 'year:N', alt.value('gray'), title='Year'),
    strokeWidth=alt.condition(year_selection, alt.value(2.5), alt.value(1)),
    opacity=alt.condition(year_selection, alt.value(1.0), alt.value(0.6)),
    tooltip=alt.condition(year_selection, "volume", alt.value(''))
).add_selection(
    year_selection
).properties(
    width=600
)
chart6 
------------------

----- stderr -----
C:\Users\pmarshal\Anaconda3\lib\site-packages\altair\utils\deprecation.py:65: AltairDeprecationWarning: 'selection_single' is deprecated.  Use 'selection_point'
  warnings.warn(message, AltairDeprecationWarning, stacklevel=1)
C:\Users\pmarshal\Anaconda3\lib\site-packages\altair\vegalite\v5\api.py:381: AltairDeprecationWarning: Use 'value' instead of 'init'.
  warnings.warn(
------------------

[1;31m---------------------------------------------------------------------------[0m
[1;31mTypeError[0m                                 Traceback (most recent call last)
Cell [1;32mIn[26], line 31[0m
[0;32m     24[0m title5 [38;5;241m=[39m alt[38;5;241m.[39mTitleParams(
[0;32m     25[0m    text[38;5;241m=[39m[38;5;124m'[39m[38;5;124mCapilano River at Lakehead (08GA010)[39m[38;5;124m'[39m,
[0;32m     26[0m    subtitle[38;5;241m=[39m[38;5;124m"[39m[38;5;124mCumulative inflow during the water year[39m[38;5;124m"[39m,
[0;32m     27[0m    anchor[38;5;241m=[39m[38;5;124m'[39m[38;5;124mmiddle[39m[38;5;124m'[39m,
[0;32m     28[0m    fontSize[38;5;241m=[39m[38;5;241m14[39m,
[0;32m     29[0m    fontWeight[38;5;241m=[39m[38;5;124m'[39m[38;5;124mbold[39m[38;5;124m'[39m)
[0;32m     30[0m [38;5;66;03m# Create a selection for the year[39;00m
[1;32m---> 31[0m year_selection [38;5;241m=[39m [43malt[49m[38;5;241;43m.[39;49m[43mselection_single[49m[43m([49m
[0;32m     32[0m [43m    [49m[43mname[49m[38;5;241;43m=[39;49m[38;5;124;43m'[39;49m[38;5;124;43mSelect[39;49m[38;5;124;43m'[39;49m[43m,[49m
[0;32m     33[0m [43m    [49m[43mfields[49m[38;5;241;43m=[39;49m[43m[[49m[38;5;124;43m'[39;49m[38;5;124;43myear[39;49m[38;5;124;43m'[39;49m[43m][49m[43m,[49m
[0;32m     34[0m [43m    [49m[43mbind[49m[38;5;241;43m=[39;49m[43malt[49m[38;5;241;43m.[39;49m[43mbinding_select[49m[43m([49m[43moptions[49m[38;5;241;43m=[39;49m[38;5;28;43mlist[39;49m[43m([49m[43mvol[49m[43m[[49m[38;5;124;43m'[39;49m[38;5;124;43myear[39;49m[38;5;124;43m'[39;49m[43m][49m[38;5;241;43m.[39;49m[43munique[49m[43m([49m[43m)[49m[43m)[49m[43m,[49m[43m [49m[43mname[49m[38;5;241;43m=[39;49m[38;5;124;43m'[39;49m[38;5;124;43mSelect Year [39;49m[38;5;124;43m'[39;49m[43m)[49m[43m,[49m
[0;32m     35[0m [43m    [49m[43minit[49m[38;5;241;43m=[39;49m[43m{[49m[38;5;124;43m'[39;49m[38;5;124;43myear[39;49m[38;5;124;43m'[39;49m[43m:[49m[43m [49m[38;5;241;43m2023[39;49m[43m}[49m[43m  [49m[38;5;66;43;03m# Initial selected year[39;49;00m
[0;32m     36[0m [43m)[49m
[0;32m     37[0m [38;5;66;03m#scale=alt.Scale(domain=[0,365], nice=False)[39;00m
[0;32m     38[0m [38;5;66;03m# Create a line chart using Altair[39;00m
[0;32m     39[0m chart6 [38;5;241m=[39m alt[38;5;241m.[39mChart(vol)[38;5;241m.[39mmark_line()[38;5;241m.[39mencode(
[0;32m     40[0m     alt[38;5;241m.[39mX([38;5;124m'[39m[38;5;124mDOY[39m[38;5;124m'[39m),
[0;32m     41[0m     alt[38;5;241m.[39mY([38;5;124m'[39m[38;5;124mvolume:Q[39m[38;5;124m'[39m, title[38;5;241m=[39m[38;5;124m'[39m[38;5;124mCumulative Inflow (billion litres)[39m[38;5;124m'[39m),
[1;32m   (...)[0m
[0;32m     49[0m     width[38;5;241m=[39m[38;5;241m600[39m
[0;32m     50[0m )

File [1;32m~\Anaconda3\lib\site-packages\altair\utils\deprecation.py:66[0m, in [0;36m_deprecate.<locals>.new_obj[1;34m(*args, **kwargs)[0m
[0;32m     63[0m [38;5;129m@functools[39m[38;5;241m.[39mwraps(obj)
[0;32m     64[0m [38;5;28;01mdef[39;00m [38;5;21mnew_obj[39m([38;5;241m*[39margs, [38;5;241m*[39m[38;5;241m*[39mkwargs):
[0;32m     65[0m     warnings[38;5;241m.[39mwarn(message, AltairDeprecationWarning, stacklevel[38;5;241m=[39m[38;5;241m1[39m)
[1;32m---> 66[0m     [38;5;28;01mreturn[39;00m obj([38;5;241m*[39margs, [38;5;241m*[39m[38;5;241m*[39mkwargs)

File [1;32m~\Anaconda3\lib\site-packages\altair\vegalite\v5\api.py:707[0m, in [0;36mselection_single[1;34m(**kwargs)[0m
[0;32m    701[0m [38;5;129m@utils[39m[38;5;241m.[39mdeprecation[38;5;241m.[39mdeprecated(
[0;32m    702[0m     message[38;5;241m=[39m[38;5;124m"[39m[38;5;124m'[39m[38;5;124mselection_single[39m[38;5;124m'[39m[38;5;124m is deprecated.  Use [39m[38;5;124m'[39m[38;5;124mselection_point[39m[38;5;124m'[39m[38;5;124m"[39m
[0;32m    703[0m )
[0;32m    704[0m [38;5;129m@utils[39m[38;5;241m.[39muse_signature(core[38;5;241m.[39mPointSelectionConfig)
[0;32m    705[0m [38;5;28;01mdef[39;00m [38;5;21mselection_single[39m([38;5;241m*[39m[38;5;241m*[39mkwargs):
[0;32m    706[0m [38;5;250m    [39m[38;5;124;03m"""'selection_single' is deprecated.  Use 'selection_point'"""[39;00m
[1;32m--> 707[0m     [38;5;28;01mreturn[39;00m _selection([38;5;28mtype[39m[38;5;241m=[39m[38;5;124m"[39m[38;5;124mpoint[39m[38;5;124m"[39m, [38;5;241m*[39m[38;5;241m*[39mkwargs)

File [1;32m~\Anaconda3\lib\site-packages\altair\vegalite\v5\api.py:434[0m, in [0;36m_selection[1;34m(type, **kwds)[0m
[0;32m    431[0m [38;5;28;01melse[39;00m:
[0;32m    432[0m     [38;5;28;01mraise[39;00m [38;5;167;01mValueError[39;00m([38;5;124m"""[39m[38;5;124m'[39m[38;5;124mtype[39m[38;5;124m'[39m[38;5;124m must be [39m[38;5;124m'[39m[38;5;124mpoint[39m[38;5;124m'[39m[38;5;124m or [39m[38;5;124m'[39m[38;5;124minterval[39m[38;5;124m'[39m[38;5;124m"""[39m)
[1;32m--> 434[0m [38;5;28;01mreturn[39;00m param(select[38;5;241m=[39mselect, [38;5;241m*[39m[38;5;241m*[39mparam_kwds)

File [1;32m~\Anaconda3\lib\site-packages\altair\vegalite\v5\api.py:403[0m, in [0;36mparam[1;34m(name, value, bind, empty, expr, **kwds)[0m
[0;32m    401[0m     parameter[38;5;241m.[39mparam_type [38;5;241m=[39m [38;5;124m"[39m[38;5;124mselection[39m[38;5;124m"[39m
[0;32m    402[0m [38;5;28;01melse[39;00m:
[1;32m--> 403[0m     parameter[38;5;241m.[39mparam [38;5;241m=[39m core[38;5;241m.[39mSelectionParameter(
[0;32m    404[0m         name[38;5;241m=[39mparameter[38;5;241m.[39mname, bind[38;5;241m=[39mbind, value[38;5;241m=[39mvalue, expr[38;5;241m=[39mexpr, [38;5;241m*[39m[38;5;241m*[39mkwds
[0;32m    405[0m     )
[0;32m    406[0m     parameter[38;5;241m.[39mparam_type [38;5;241m=[39m [38;5;124m"[39m[38;5;124mselection[39m[38;5;124m"[39m
[0;32m    408[0m [38;5;28;01mreturn[39;00m parameter

[1;31mTypeError[0m: altair.vegalite.v5.schema.core.SelectionParameter() got multiple values for keyword argument 'value'

